app/build/intermediates/manifest_merge_blame_file/debug/manifest-merger-blame-debug-report.txt
1<?xml version="1.0" encoding="utf-8"?>
2<manifest xmlns:android="http://schemas.android.com/apk/res/android"
3    package="com.example.myapplication"
4    android:versionCode="1"
5    android:versionName="2.0" >
6
7    <uses-sdk
8        android:minSdkVersion="21"
8-->src\main\AndroidManifest.xml
9        android:targetSdkVersion="32" />
9-->src\main\AndroidManifest.xml
10
11    <application
11-->src\main\AndroidManifest.xml:5:5-35:19
12        android:allowBackup="true"
12-->src\main\AndroidManifest.xml:6:9-35
13        android:appComponentFactory="androidx.core.app.CoreComponentFactory"
13-->[androidx.core:core:1.7.0] AndroidManifest.xml:24:18-86
14        android:dataExtractionRules="@xml/data_extraction_rules"
14-->src\main\AndroidManifest.xml:7:9-65
15        android:debuggable="true"
16        android:fullBackupContent="@xml/backup_rules"
16-->src\main\AndroidManifest.xml:8:9-54
17        android:icon="@drawable/_20221217204647"
17-->src\main\AndroidManifest.xml:9:9-49
18        android:label="@string/app_name"
18-->src\main\AndroidManifest.xml:10:9-41
19        android:roundIcon="@drawable/_20221217204647"
19-->src\main\AndroidManifest.xml:11:9-54
20        android:supportsRtl="true"
20-->src\main\AndroidManifest.xml:12:9-35
21        android:theme="@style/Theme.MyApplication" >
21-->src\main\AndroidManifest.xml:13:9-51
22        <activity
22-->src\main\AndroidManifest.xml:15:9-21:20
23            android:name="com.example.myapplication.DetailActivity"
23-->src\main\AndroidManifest.xml:16:13-43
24            android:exported="false" >
24-->src\main\AndroidManifest.xml:17:13-37
25            <meta-data
25-->src\main\AndroidManifest.xml:18:13-20:36
26                android:name="android.app.lib_name"
26-->src\main\AndroidManifest.xml:19:17-52
27                android:value="" />
27-->src\main\AndroidManifest.xml:20:17-33
28        </activity>
29        <activity
29-->src\main\AndroidManifest.xml:22:9-34:20
30            android:name="com.example.myapplication.MainActivity"
30-->src\main\AndroidManifest.xml:23:13-41
31            android:exported="true" >
31-->src\main\AndroidManifest.xml:24:13-36
32            <intent-filter>
32-->src\main\AndroidManifest.xml:25:13-29:29
33                <action android:name="android.intent.action.MAIN" />
33-->src\main\AndroidManifest.xml:26:17-69
33-->src\main\AndroidManifest.xml:26:25-66
34
35                <category android:name="android.intent.category.LAUNCHER" />
35-->src\main\AndroidManifest.xml:28:17-77
35-->src\main\AndroidManifest.xml:28:27-74
36            </intent-filter>
37
38            <meta-data
38-->src\main\AndroidManifest.xml:18:13-20:36
39                android:name="android.app.lib_name"
39-->src\main\AndroidManifest.xml:19:17-52
40                android:value="" />
40-->src\main\AndroidManifest.xml:20:17-33
41        </activity>
42
43        <provider
43-->[androidx.emoji2:emoji2:1.0.0] AndroidManifest.xml:26:9-34:20
44            android:name="androidx.startup.InitializationProvider"
44-->[androidx.emoji2:emoji2:1.0.0] AndroidManifest.xml:27:13-67
45            android:authorities="com.example.myapplication.androidx-startup"
45-->[androidx.emoji2:emoji2:1.0.0] AndroidManifest.xml:28:13-68
46            android:exported="false" >
46-->[androidx.emoji2:emoji2:1.0.0] AndroidManifest.xml:29:13-37
47            <meta-data
47-->[androidx.emoji2:emoji2:1.0.0] AndroidManifest.xml:31:13-33:52
48                android:name="androidx.emoji2.text.EmojiCompatInitializer"
48-->[androidx.emoji2:emoji2:1.0.0] AndroidManifest.xml:32:17-75
49                android:value="androidx.startup" />
49-->[androidx.emoji2:emoji2:1.0.0] AndroidManifest.xml:33:17-49
50            <meta-data
50-->[androidx.lifecycle:lifecycle-process:2.4.0] AndroidManifest.xml:31:13-33:52
51                android:name="androidx.lifecycle.ProcessLifecycleInitializer"
51-->[androidx.lifecycle:lifecycle-process:2.4.0] AndroidManifest.xml:32:17-78
52                android:value="androidx.startup" />
52-->[androidx.lifecycle:lifecycle-process:2.4.0] AndroidManifest.xml:33:17-49
53        </provider>
54    </application>
55
56</manifest>